<?xml version="1.0" encoding="UTF-8"?>
<testng-results skipped="0" failed="0" total="5" passed="5">
  <reporter-output>
    <line>
      <![CDATA[【正常用例】:获取北京天气成功!]]>
    </line>
    <line>
      <![CDATA[请求地址: http://www.weather.com.cn/data/cityinfo/101010100.html]]>
    </line>
    <line>
      <![CDATA[返回结果: {"weatherinfo":{"city":"北京","cityid":"101010100","temp1":"18℃","temp2":"31℃","weather":"多云转阴","img1":"n1.gif","img2":"d2.gif","ptime":"18:00"}}]]>
    </line>
    <line>
      <![CDATA[用例结果: resultCode=>expected: 北京 ,actual: 北京]]>
    </line>
    <line>
      <![CDATA[【正常用例】:获取上海天气成功!]]>
    </line>
    <line>
      <![CDATA[请求地址: http://www.weather.com.cn/data/cityinfo/101020100.html]]>
    </line>
    <line>
      <![CDATA[返回结果: {"weatherinfo":{"city":"上海","cityid":"101020100","temp1":"19℃","temp2":"23℃","weather":"大雨转中雨","img1":"n9.gif","img2":"d8.gif","ptime":"18:00"}}]]>
    </line>
    <line>
      <![CDATA[用例结果: resultCode=>expected: 上海 ,actual: 上海]]>
    </line>
    <line>
      <![CDATA[【正常用例】:获取上海天气成功!]]>
    </line>
    <line>
      <![CDATA[请求地址: http://www.weather.com.cn/data/cityinfo/101020100.html]]>
    </line>
    <line>
      <![CDATA[返回结果: {"weatherinfo":{"city":"上海","cityid":"101020100","temp1":"19℃","temp2":"23℃","weather":"大雨转中雨","img1":"n9.gif","img2":"d8.gif","ptime":"18:00"}}]]>
    </line>
    <line>
      <![CDATA[用例结果: resultCode=>expected: 上海 ,actual: 上海]]>
    </line>
    <line>
      <![CDATA[【正常用例】:获取上海天气成功!]]>
    </line>
    <line>
      <![CDATA[请求地址: http://www.weather.com.cn/data/cityinfo/101020100.html]]>
    </line>
    <line>
      <![CDATA[返回结果: {"weatherinfo":{"city":"上海","cityid":"101020100","temp1":"19℃","temp2":"23℃","weather":"大雨转中雨","img1":"n9.gif","img2":"d8.gif","ptime":"18:00"}}]]>
    </line>
    <line>
      <![CDATA[用例结果: resultCode=>expected: 上海 ,actual: 上海]]>
    </line>
    <line>
      <![CDATA[【模拟跳过测试用例】:获取深圳天气成功!]]>
    </line>
    <line>
      <![CDATA[请求地址: http://www.weather.com.cn/data/cityinfo/101280601.html]]>
    </line>
    <line>
      <![CDATA[返回结果: {"weatherinfo":{"city":"深圳","cityid":"101280601","temp1":"24℃","temp2":"30℃","weather":"阵雨转大雨","img1":"n3.gif","img2":"d9.gif","ptime":"18:00"}}]]>
    </line>
    <line>
      <![CDATA[用例结果: resultCode=>expected: 深圳 ,actual: 深圳]]>
    </line>
  </reporter-output>
  <suite name="com.hogwarts.testcase.TestExec" duration-ms="1140" started-at="2019-04-12T14:00:53Z" finished-at="2019-04-12T14:00:54Z">
    <groups>
      <group name="BaseCase">
        <method signature="TestExec.getBeiJing_Succ()[pri:0, instance:com.hogwarts.testcase.TestExec@22f71333]" name="getBeiJing_Succ" class="com.hogwarts.testcase.TestExec"/>
        <method signature="TestExec.getShangHai_Succ(java.lang.String)[pri:0, instance:com.hogwarts.testcase.TestExec@22f71333]" name="getShangHai_Succ" class="com.hogwarts.testcase.TestExec"/>
        <method signature="TestExec.getShenZhen_Succ()[pri:0, instance:com.hogwarts.testcase.TestExec@22f71333]" name="getShenZhen_Succ" class="com.hogwarts.testcase.TestExec"/>
      </group> <!-- BaseCase -->
    </groups>
    <test name="Command line test" duration-ms="1140" started-at="2019-04-12T14:00:53Z" finished-at="2019-04-12T14:00:54Z">
      <class name="com.hogwarts.testcase.TestExec">
        <test-method status="PASS" signature="getBeiJing_Succ()[pri:0, instance:com.hogwarts.testcase.TestExec@22f71333]" name="getBeiJing_Succ" duration-ms="878" started-at="2019-04-12T22:00:53Z" description="验证北京天气返回城市名称是否正确" finished-at="2019-04-12T22:00:54Z">
          <reporter-output>
            <line>
              <![CDATA[【正常用例】:获取北京天气成功!]]>
            </line>
            <line>
              <![CDATA[请求地址: http://www.weather.com.cn/data/cityinfo/101010100.html]]>
            </line>
            <line>
              <![CDATA[返回结果: {"weatherinfo":{"city":"北京","cityid":"101010100","temp1":"18℃","temp2":"31℃","weather":"多云转阴","img1":"n1.gif","img2":"d2.gif","ptime":"18:00"}}]]>
            </line>
            <line>
              <![CDATA[用例结果: resultCode=>expected: 北京 ,actual: 北京]]>
            </line>
          </reporter-output>
        </test-method> <!-- getBeiJing_Succ -->
        <test-method status="PASS" signature="getShangHai_Succ(java.lang.String)[pri:0, instance:com.hogwarts.testcase.TestExec@22f71333]" name="getShangHai_Succ" duration-ms="75" started-at="2019-04-12T22:00:54Z" description="验证上海天气返回城市名称是否正确" data-provider="dataShangHai" finished-at="2019-04-12T22:00:54Z">
          <params>
            <param index="0">
              <value>
                <![CDATA[上海]]>
              </value>
            </param>
          </params>
          <reporter-output>
            <line>
              <![CDATA[【正常用例】:获取上海天气成功!]]>
            </line>
            <line>
              <![CDATA[请求地址: http://www.weather.com.cn/data/cityinfo/101020100.html]]>
            </line>
            <line>
              <![CDATA[返回结果: {"weatherinfo":{"city":"上海","cityid":"101020100","temp1":"19℃","temp2":"23℃","weather":"大雨转中雨","img1":"n9.gif","img2":"d8.gif","ptime":"18:00"}}]]>
            </line>
            <line>
              <![CDATA[用例结果: resultCode=>expected: 上海 ,actual: 上海]]>
            </line>
          </reporter-output>
        </test-method> <!-- getShangHai_Succ -->
        <test-method status="PASS" signature="getShangHai_Succ(java.lang.String)[pri:0, instance:com.hogwarts.testcase.TestExec@22f71333]" name="getShangHai_Succ" duration-ms="75" started-at="2019-04-12T22:00:54Z" description="验证上海天气返回城市名称是否正确" data-provider="dataShangHai" finished-at="2019-04-12T22:00:54Z">
          <params>
            <param index="0">
              <value>
                <![CDATA[上海]]>
              </value>
            </param>
          </params>
          <reporter-output>
            <line>
              <![CDATA[【正常用例】:获取上海天气成功!]]>
            </line>
            <line>
              <![CDATA[请求地址: http://www.weather.com.cn/data/cityinfo/101020100.html]]>
            </line>
            <line>
              <![CDATA[返回结果: {"weatherinfo":{"city":"上海","cityid":"101020100","temp1":"19℃","temp2":"23℃","weather":"大雨转中雨","img1":"n9.gif","img2":"d8.gif","ptime":"18:00"}}]]>
            </line>
            <line>
              <![CDATA[用例结果: resultCode=>expected: 上海 ,actual: 上海]]>
            </line>
          </reporter-output>
        </test-method> <!-- getShangHai_Succ -->
        <test-method status="PASS" signature="getShangHai_Succ(java.lang.String)[pri:0, instance:com.hogwarts.testcase.TestExec@22f71333]" name="getShangHai_Succ" duration-ms="29" started-at="2019-04-12T22:00:54Z" description="验证上海天气返回城市名称是否正确" data-provider="dataShangHai" finished-at="2019-04-12T22:00:54Z">
          <params>
            <param index="0">
              <value>
                <![CDATA[上海]]>
              </value>
            </param>
          </params>
          <reporter-output>
            <line>
              <![CDATA[【正常用例】:获取上海天气成功!]]>
            </line>
            <line>
              <![CDATA[请求地址: http://www.weather.com.cn/data/cityinfo/101020100.html]]>
            </line>
            <line>
              <![CDATA[返回结果: {"weatherinfo":{"city":"上海","cityid":"101020100","temp1":"19℃","temp2":"23℃","weather":"大雨转中雨","img1":"n9.gif","img2":"d8.gif","ptime":"18:00"}}]]>
            </line>
            <line>
              <![CDATA[用例结果: resultCode=>expected: 上海 ,actual: 上海]]>
            </line>
          </reporter-output>
        </test-method> <!-- getShangHai_Succ -->
        <test-method status="PASS" signature="getShenZhen_Succ()[pri:0, instance:com.hogwarts.testcase.TestExec@22f71333]" name="getShenZhen_Succ" duration-ms="62" started-at="2019-04-12T22:00:54Z" description="验证深圳天气返回城市名称是否正确(模拟跳过)" finished-at="2019-04-12T22:00:54Z">
          <reporter-output>
            <line>
              <![CDATA[【模拟跳过测试用例】:获取深圳天气成功!]]>
            </line>
            <line>
              <![CDATA[请求地址: http://www.weather.com.cn/data/cityinfo/101280601.html]]>
            </line>
            <line>
              <![CDATA[返回结果: {"weatherinfo":{"city":"深圳","cityid":"101280601","temp1":"24℃","temp2":"30℃","weather":"阵雨转大雨","img1":"n3.gif","img2":"d9.gif","ptime":"18:00"}}]]>
            </line>
            <line>
              <![CDATA[用例结果: resultCode=>expected: 深圳 ,actual: 深圳]]>
            </line>
          </reporter-output>
        </test-method> <!-- getShenZhen_Succ -->
      </class> <!-- com.hogwarts.testcase.TestExec -->
    </test> <!-- Command line test -->
  </suite> <!-- com.hogwarts.testcase.TestExec -->
</testng-results>
